# JRE version: Java(TM) SE Runtime Environment (8.0_191-b12) (build 1.8.0_191-b12)
# Java VM: Java HotSpot(TM) Client VM (25.191-b12 mixed mode windows-x86 )
Heap:
 def new generation   total 157248K, used 157247K [0x05600000, 0x100a0000, 0x100a0000)
  eden space 139776K, 100% used [0x05600000, 0x0de80000, 0x0de80000)
  from space 17472K,  99% used [0x0ef90000, 0x1009fff0, 0x100a0000)
  to   space 17472K,   0% used [0x0de80000, 0x0de80000, 0x0ef90000)
 tenured generation   total 349568K, used 349567K [0x100a0000, 0x25600000, 0x25600000)
   the space 349568K,  99% used [0x100a0000, 0x255ffff8, 0x25600000, 0x25600000)
 Metaspace       used 21967K, capacity 22472K, committed 22656K, reserved 22912K
GC Heap History (10 events):
Event: 303.091 GC heap before
{Heap before GC invocations=917 (full 472):
 def new generation   total 157248K, used 157247K [0x05600000, 0x100a0000, 0x100a0000)
  eden space 139776K,  99% used [0x05600000, 0x0de7ffe8, 0x0de80000)
  from space 17472K,  99% used [0x0ef90000, 0x1009ffe0, 0x100a0000)
  to   space 17472K,   0% used [0x0de80000, 0x0de80000, 0x0ef90000)
 tenured generation   total 349568K, used 349567K [0x100a0000, 0x25600000, 0x25600000)
   the space 349568K,  99% used [0x100a0000, 0x255ffff8, 0x25600000, 0x25600000)
 Metaspace       used 21967K, capacity 22472K, committed 22656K, reserved 22912K
Event: 303.501 GC heap after
Heap after GC invocations=918 (full 473):
 def new generation   total 157248K, used 157245K [0x05600000, 0x100a0000, 0x100a0000)
  eden space 139776K,  99% used [0x05600000, 0x0de7ffe8, 0x0de80000)
  from space 17472K,  99% used [0x0ef90000, 0x1009f430, 0x100a0000)
  to   space 17472K,   0% used [0x0de80000, 0x0de80000, 0x0ef90000)
 tenured generation   total 349568K, used 349567K [0x100a0000, 0x25600000, 0x25600000)
   the space 349568K,  99% used [0x100a0000, 0x255ffff8, 0x25600000, 0x25600000)
 Metaspace       used 21967K, capacity 22472K, committed 22656K, reserved 22912K
}
Event: 303.501 GC heap before
{Heap before GC invocations=918 (full 473):
 def new generation   total 157248K, used 157247K [0x05600000, 0x100a0000, 0x100a0000)
  eden space 139776K,  99% used [0x05600000, 0x0de7ffe8, 0x0de80000)
  from space 17472K,  99% used [0x0ef90000, 0x1009ffe0, 0x100a0000)
  to   space 17472K,   0% used [0x0de80000, 0x0de80000, 0x0ef90000)
 tenured generation   total 349568K, used 349567K [0x100a0000, 0x25600000, 0x25600000)
   the space 349568K,  99% used [0x100a0000, 0x255ffff8, 0x25600000, 0x25600000)
 Metaspace       used 21967K, capacity 22472K, committed 22656K, reserved 22912K
Event: 303.908 GC heap after
Heap after GC invocations=919 (full 474):
 def new generation   total 157248K, used 157245K [0x05600000, 0x100a0000, 0x100a0000)
  eden space 139776K,  99% used [0x05600000, 0x0de7ffe8, 0x0de80000)
  from space 17472K,  99% used [0x0ef90000, 0x1009f430, 0x100a0000)
  to   space 17472K,   0% used [0x0de80000, 0x0de80000, 0x0ef90000)
 tenured generation   total 349568K, used 349567K [0x100a0000, 0x25600000, 0x25600000)
   the space 349568K,  99% used [0x100a0000, 0x255ffff8, 0x25600000, 0x25600000)
 Metaspace       used 21967K, capacity 22472K, committed 22656K, reserved 22912K
}
Event: 303.908 GC heap before
{Heap before GC invocations=919 (full 474):
 def new generation   total 157248K, used 157247K [0x05600000, 0x100a0000, 0x100a0000)
  eden space 139776K,  99% used [0x05600000, 0x0de7ffe8, 0x0de80000)
  from space 17472K,  99% used [0x0ef90000, 0x1009ffe0, 0x100a0000)
  to   space 17472K,   0% used [0x0de80000, 0x0de80000, 0x0ef90000)
 tenured generation   total 349568K, used 349567K [0x100a0000, 0x25600000, 0x25600000)
   the space 349568K,  99% used [0x100a0000, 0x255ffff8, 0x25600000, 0x25600000)
 Metaspace       used 21967K, capacity 22472K, committed 22656K, reserved 22912K
Event: 304.317 GC heap after
Heap after GC invocations=920 (full 475):
 def new generation   total 157248K, used 157245K [0x05600000, 0x100a0000, 0x100a0000)
  eden space 139776K,  99% used [0x05600000, 0x0de7ffe8, 0x0de80000)
  from space 17472K,  99% used [0x0ef90000, 0x1009f430, 0x100a0000)
  to   space 17472K,   0% used [0x0de80000, 0x0de80000, 0x0ef90000)
 tenured generation   total 349568K, used 349567K [0x100a0000, 0x25600000, 0x25600000)
   the space 349568K,  99% used [0x100a0000, 0x255ffff8, 0x25600000, 0x25600000)
 Metaspace       used 21967K, capacity 22472K, committed 22656K, reserved 22912K
}
Event: 304.318 GC heap before
{Heap before GC invocations=920 (full 475):
 def new generation   total 157248K, used 157247K [0x05600000, 0x100a0000, 0x100a0000)
  eden space 139776K, 100% used [0x05600000, 0x0de80000, 0x0de80000)
  from space 17472K,  99% used [0x0ef90000, 0x1009fde8, 0x100a0000)
  to   space 17472K,   0% used [0x0de80000, 0x0de80000, 0x0ef90000)
 tenured generation   total 349568K, used 349567K [0x100a0000, 0x25600000, 0x25600000)
   the space 349568K,  99% used [0x100a0000, 0x255ffff8, 0x25600000, 0x25600000)
 Metaspace       used 21967K, capacity 22472K, committed 22656K, reserved 22912K
Event: 304.742 GC heap after
Heap after GC invocations=921 (full 476):
 def new generation   total 157248K, used 157228K [0x05600000, 0x100a0000, 0x100a0000)
  eden space 139776K,  99% used [0x05600000, 0x0de7ffe8, 0x0de80000)
  from space 17472K,  99% used [0x0ef90000, 0x1009b408, 0x100a0000)
  to   space 17472K,   0% used [0x0de80000, 0x0de80000, 0x0ef90000)
 tenured generation   total 349568K, used 349567K [0x100a0000, 0x25600000, 0x25600000)
   the space 349568K,  99% used [0x100a0000, 0x255ffff8, 0x25600000, 0x25600000)
 Metaspace       used 21967K, capacity 22472K, committed 22656K, reserved 22912K
}
Event: 304.742 GC heap before
{Heap before GC invocations=921 (full 476):
 def new generation   total 157248K, used 157228K [0x05600000, 0x100a0000, 0x100a0000)
  eden space 139776K,  99% used [0x05600000, 0x0de7ffe8, 0x0de80000)
  from space 17472K,  99% used [0x0ef90000, 0x1009b408, 0x100a0000)
  to   space 17472K,   0% used [0x0de80000, 0x0de80000, 0x0ef90000)
 tenured generation   total 349568K, used 349567K [0x100a0000, 0x25600000, 0x25600000)
   the space 349568K,  99% used [0x100a0000, 0x255ffff8, 0x25600000, 0x25600000)
 Metaspace       used 21967K, capacity 22472K, committed 22656K, reserved 22912K
Event: 305.162 GC heap after
Heap after GC invocations=922 (full 477):
 def new generation   total 157248K, used 157228K [0x05600000, 0x100a0000, 0x100a0000)
  eden space 139776K,  99% used [0x05600000, 0x0de7ffe8, 0x0de80000)
  from space 17472K,  99% used [0x0ef90000, 0x1009b408, 0x100a0000)
  to   space 17472K,   0% used [0x0de80000, 0x0de80000, 0x0ef90000)
 tenured generation   total 349568K, used 349567K [0x100a0000, 0x25600000, 0x25600000)
   the space 349568K,  99% used [0x100a0000, 0x255ffff8, 0x25600000, 0x25600000)
 Metaspace       used 21967K, capacity 22472K, committed 22656K, reserved 22912K
}

